SCP Virtual Bus Driver Installer 1.0.0.103 [12/1/2013 9:22:59 AM]

Detected - Microsoft Windows 81 Pro (6.2.9200.0 AMD64)
Selected DEFAULT configuration.


SCP Virtual Bus Driver Installer 1.0.0.103 [12/2/2013 8:51:44 PM]

Detected - Microsoft Windows 81 Pro (6.2.9200.0 AMD64)
Selected DEFAULT configuration.


SCP Virtual Bus Driver Installer 1.0.0.103 [12/3/2013 12:50:59 AM]

Detected - Microsoft Windows 81 Pro (6.2.9200.0 AMD64)
Selected DEFAULT configuration.


SCP Virtual Bus Driver Installer 1.0.0.103 [12/5/2013 4:26:18 PM]

Detected - Microsoft Windows 7 Ultimate Service Pack 1 (6.1.7601.65536 AMD64)
Selected WIN7 configuration.

SUCCESS - Virtual Bus Created
INFO    - ENTER:  DriverPackageInstallW
INFO    - Looking for Model Section [SCProductions.NTamd64]...
INFO    - Installing INF file 'C:\Users\TimberBNG\Desktop\xboxce\DS4_1.1_Beta1_Update 2\Virtual Bus Driver\System\ScpVBus.inf' (Plug and Play).
INFO    - Looking for Model Section [SCProductions.NTamd64]...
INFO    - Installing devices with Id "root\ScpVBus" using INF "C:\Windows\System32\DriverStore\FileRepository\scpvbus.inf_amd64_neutral_21ca245c0e23d7a5\ScpVBus.inf".
INFO    - ENTER UpdateDriverForPlugAndPlayDevices...
SUCCESS - RETURN UpdateDriverForPlugAndPlayDevices.
INFO    - Installation was successful.
SUCCESS - Install completed
INFO    - RETURN: DriverPackageInstallW  (0x0)

Install Succeeded.

-- Install Summary --
Bus Device
Bus Driver



SCP Virtual Bus Driver Installer 1.0.0.103 [12/5/2013 4:26:55 PM]

Detected - Microsoft Windows 7 Ultimate Service Pack 1 (6.1.7601.65536 AMD64)
Selected WIN7 configuration.

INFO    - ENTER:  DriverPackageInstallW
INFO    - Looking for Model Section [SCProductions.NTamd64]...
INFO    - RETURN: DriverPackageInstallW  (0x103)

Install Succeeded.

-- Install Summary --



SCP Virtual Bus Driver Installer 1.0.0.103 [12/23/2013 10:59:08 PM]

Detected - Microsoft Windows 7 Ultimate Service Pack 1 (6.1.7601.65536 AMD64)
Selected WIN7 configuration.

SUCCESS - Virtual Bus Removed

Uninstall Succeeded.

-- Uninstall Summary --
Bus Device


SCP Virtual Bus Driver Installer 1.0.0.103 [12/26/2013 7:49:34 PM]

Detected - Microsoft Windows 7 Ultimate Service Pack 1 (6.1.7601.65536 AMD64)
Selected WIN7 configuration.

INFO    - ENTER:  DriverPackageInstallW
INFO    - Looking for Model Section [SCProductions.NTamd64]...
INFO    - RETURN: DriverPackageInstallW  (0x103)

Install Succeeded.

-- Install Summary --



SCP Virtual Bus Driver Installer 1.0.0.103 [12/28/2013 7:03:34 PM]

Detected - Microsoft Windows 7 Ultimate Service Pack 1 (6.1.7601.65536 AMD64)
Selected WIN7 configuration.

SUCCESS - Virtual Bus Removed

Uninstall Succeeded.

-- Uninstall Summary --
Bus Device


SCP Virtual Bus Driver Installer 1.0.0.103 [12/28/2013 7:03:41 PM]

Detected - Microsoft Windows 7 Ultimate Service Pack 1 (6.1.7601.65536 AMD64)
Selected WIN7 configuration.

SUCCESS - Virtual Bus Created
INFO    - ENTER:  DriverPackageInstallW
INFO    - Looking for Model Section [SCProductions.NTamd64]...
INFO    - Installing INF file 'C:\Users\TimberBNG\Desktop\xboxce\DS4_1.1_Beta1_Update 2\Virtual Bus Driver\System\ScpVBus.inf' (Plug and Play).
INFO    - Looking for Model Section [SCProductions.NTamd64]...
INFO    - Installing devices with Id "root\ScpVBus" using INF "C:\Windows\System32\DriverStore\FileRepository\scpvbus.inf_amd64_neutral_21ca245c0e23d7a5\scpvbus.inf".
INFO    - ENTER UpdateDriverForPlugAndPlayDevices...
SUCCESS - RETURN UpdateDriverForPlugAndPlayDevices.
INFO    - Installation was successful.
SUCCESS - Install completed
INFO    - RETURN: DriverPackageInstallW  (0x0)

Install Succeeded.

-- Install Summary --
Bus Device
Bus Driver



SCP Virtual Bus Driver Installer 1.0.0.103 [1/4/2014 3:44:00 AM]

Detected - Microsoft Windows 7 Ultimate Service Pack 1 (6.1.7601.65536 AMD64)
Selected WIN7 configuration.

SUCCESS - Virtual Bus Removed

Uninstall Succeeded.

-- Uninstall Summary --
Bus Device


SCP Virtual Bus Driver Installer 1.0.0.103 [1/4/2014 3:44:10 AM]

Detected - Microsoft Windows 7 Ultimate Service Pack 1 (6.1.7601.65536 AMD64)
Selected WIN7 configuration.

INFO    - ENTER:  DriverPackageInstallW
INFO    - Looking for Model Section [SCProductions.NTamd64]...
INFO    - RETURN: DriverPackageInstallW  (0x103)

Install Succeeded.

-- Install Summary --



SCP Virtual Bus Driver Installer 1.0.0.103 [1/4/2014 2:16:07 PM]

Detected - Microsoft Windows 7 Ultimate Service Pack 1 (6.1.7601.65536 AMD64)
Selected WIN7 configuration.

SUCCESS - Virtual Bus Removed

Uninstall Succeeded.

-- Uninstall Summary --
Bus Device


SCP Virtual Bus Driver Installer 1.0.0.103 [1/4/2014 2:16:15 PM]

Detected - Microsoft Windows 7 Ultimate Service Pack 1 (6.1.7601.65536 AMD64)
Selected WIN7 configuration.

SUCCESS - Virtual Bus Created
INFO    - ENTER:  DriverPackageInstallW
INFO    - Looking for Model Section [SCProductions.NTamd64]...
INFO    - Installing INF file 'C:\Users\TimberBNG\Desktop\xboxce\DS4_1.1_Beta1_Update 2\Virtual Bus Driver\System\ScpVBus.inf' (Plug and Play).
INFO    - Looking for Model Section [SCProductions.NTamd64]...
INFO    - Installing devices with Id "root\ScpVBus" using INF "C:\Windows\System32\DriverStore\FileRepository\scpvbus.inf_amd64_neutral_21ca245c0e23d7a5\scpvbus.inf".
INFO    - ENTER UpdateDriverForPlugAndPlayDevices...
SUCCESS - RETURN UpdateDriverForPlugAndPlayDevices.
INFO    - Installation was successful.
SUCCESS - Install completed
INFO    - RETURN: DriverPackageInstallW  (0x0)

Install Succeeded.

-- Install Summary --
Bus Device
Bus Driver



SCP Virtual Bus Driver Installer 1.0.0.103 [1/4/2014 6:15:34 PM]

Detected - Microsoft Windows 7 Ultimate Service Pack 1 (6.1.7601.65536 AMD64)
Selected WIN7 configuration.

SUCCESS - Virtual Bus Removed

Uninstall Succeeded.

-- Uninstall Summary --
Bus Device

SUCCESS - Virtual Bus Created
INFO    - ENTER:  DriverPackageInstallW
INFO    - Looking for Model Section [SCProductions.NTamd64]...
INFO    - Installing INF file 'C:\Users\TimberBNG\Desktop\xboxce\DS4_1.1_Beta1_Update 2\Virtual Bus Driver\System\ScpVBus.inf' (Plug and Play).
INFO    - Looking for Model Section [SCProductions.NTamd64]...
INFO    - Installing devices with Id "root\ScpVBus" using INF "C:\Windows\System32\DriverStore\FileRepository\scpvbus.inf_amd64_neutral_21ca245c0e23d7a5\scpvbus.inf".
INFO    - ENTER UpdateDriverForPlugAndPlayDevices...
SUCCESS - RETURN UpdateDriverForPlugAndPlayDevices.
INFO    - Installation was successful.
SUCCESS - Install completed
INFO    - RETURN: DriverPackageInstallW  (0x0)

Install Succeeded.

-- Install Summary --
Bus Device
Bus Driver



SCP Virtual Bus Driver Installer 1.0.0.103 [1/4/2014 6:17:04 PM]

Detected - Microsoft Windows 7 Ultimate Service Pack 1 (6.1.7601.65536 AMD64)
Selected WIN7 configuration.


SCP Virtual Bus Driver Installer 1.0.0.103 [1/8/2014 1:52:01 AM]

Detected - Microsoft Windows 7 Ultimate Service Pack 1 (6.1.7601.65536 AMD64)
Selected WIN7 configuration.

INFO    - ENTER:  DriverPackageInstallW
INFO    - Looking for Model Section [SCProductions.NTamd64]...
INFO    - RETURN: DriverPackageInstallW  (0x103)

Install Succeeded.

-- Install Summary --



SCP Virtual Bus Driver Installer 1.0.0.103 [1/8/2014 1:52:31 AM]

Detected - Microsoft Windows 7 Ultimate Service Pack 1 (6.1.7601.65536 AMD64)
Selected WIN7 configuration.

SUCCESS - Virtual Bus Removed

Uninstall Succeeded.

-- Uninstall Summary --
Bus Device


SCP Virtual Bus Driver Installer 1.0.0.103 [1/8/2014 1:52:35 AM]

Detected - Microsoft Windows 7 Ultimate Service Pack 1 (6.1.7601.65536 AMD64)
Selected WIN7 configuration.

SUCCESS - Virtual Bus Created
INFO    - ENTER:  DriverPackageInstallW
INFO    - Looking for Model Section [SCProductions.NTamd64]...
INFO    - Installing INF file 'C:\Users\TimberBNG\Desktop\xboxce\DS4_1.1_Beta1_Update 2\Virtual Bus Driver\System\ScpVBus.inf' (Plug and Play).
INFO    - Looking for Model Section [SCProductions.NTamd64]...
INFO    - Installing devices with Id "root\ScpVBus" using INF "C:\Windows\System32\DriverStore\FileRepository\scpvbus.inf_amd64_neutral_21ca245c0e23d7a5\scpvbus.inf".
INFO    - ENTER UpdateDriverForPlugAndPlayDevices...
SUCCESS - RETURN UpdateDriverForPlugAndPlayDevices.
INFO    - Installation was successful.
SUCCESS - Install completed
INFO    - RETURN: DriverPackageInstallW  (0x0)

Install Succeeded.

-- Install Summary --
Bus Device
Bus Driver



SCP Virtual Bus Driver Installer 1.0.0.103 [1/8/2014 2:31:27 AM]

Detected - Microsoft Windows 7 Ultimate Service Pack 1 (6.1.7601.65536 AMD64)
Selected WIN7 configuration.

SUCCESS - Virtual Bus Removed

Uninstall Succeeded.

-- Uninstall Summary --
Bus Device


SCP Virtual Bus Driver Installer 1.0.0.103 [1/15/2014 5:09:33 PM]

Detected - Microsoft Windows 7 Ultimate Service Pack 1 (6.1.7601.65536 AMD64)
Selected WIN7 configuration.


SCP Virtual Bus Driver Installer 1.0.0.103 [1/15/2014 5:09:39 PM]

Detected - Microsoft Windows 7 Ultimate Service Pack 1 (6.1.7601.65536 AMD64)
Selected WIN7 configuration.

SUCCESS - Virtual Bus Created
INFO    - ENTER:  DriverPackageInstallW
INFO    - Looking for Model Section [SCProductions.NTamd64]...
INFO    - Installing INF file 'C:\Users\TimberBNG\Desktop\xboxce\DS4_1.1_Beta1_Update 2\Virtual Bus Driver\System\ScpVBus.inf' (Plug and Play).
INFO    - Looking for Model Section [SCProductions.NTamd64]...
INFO    - Installing devices with Id "root\ScpVBus" using INF "C:\Windows\System32\DriverStore\FileRepository\scpvbus.inf_amd64_neutral_21ca245c0e23d7a5\scpvbus.inf".
INFO    - ENTER UpdateDriverForPlugAndPlayDevices...
SUCCESS - RETURN UpdateDriverForPlugAndPlayDevices.
INFO    - Installation was successful.
SUCCESS - Install completed
INFO    - RETURN: DriverPackageInstallW  (0x0)

Install Succeeded.

-- Install Summary --
Bus Device
Bus Driver



SCP Virtual Bus Driver Installer 1.0.0.103 [1/17/2014 1:59:35 PM]

Detected - Microsoft Windows 7 Ultimate Service Pack 1 (6.1.7601.65536 AMD64)
Selected WIN7 configuration.

INFO    - ENTER:  DriverPackageInstallW
INFO    - Looking for Model Section [SCProductions.NTamd64]...
INFO    - RETURN: DriverPackageInstallW  (0x103)

Install Succeeded.

-- Install Summary --



SCP Virtual Bus Driver Installer 1.0.0.103 [1/17/2014 2:06:18 PM]

Detected - Microsoft Windows 7 Ultimate Service Pack 1 (6.1.7601.65536 AMD64)
Selected WIN7 configuration.

SUCCESS - Virtual Bus Removed

Uninstall Succeeded.

-- Uninstall Summary --
Bus Device

INFO    - ENTER:  DriverPackageInstallW
INFO    - Looking for Model Section [SCProductions.NTamd64]...
INFO    - RETURN: DriverPackageInstallW  (0x103)

Install Succeeded.

-- Install Summary --



SCP Virtual Bus Driver Installer 1.0.0.103 [1/17/2014 2:07:30 PM]

Detected - Microsoft Windows 7 Ultimate Service Pack 1 (6.1.7601.65536 AMD64)
Selected WIN7 configuration.


SCP Virtual Bus Driver Installer 1.0.0.103 [1/17/2014 2:08:04 PM]

Detected - Microsoft Windows 7 Ultimate Service Pack 1 (6.1.7601.65536 AMD64)
Selected WIN7 configuration.

SUCCESS - Virtual Bus Removed

Uninstall Succeeded.

-- Uninstall Summary --
Bus Device


SCP Virtual Bus Driver Installer 1.0.0.103 [1/17/2014 2:58:45 PM]

Detected - Microsoft Windows 7 Ultimate Service Pack 1 (6.1.7601.65536 AMD64)
Selected WIN7 configuration.

SUCCESS - Virtual Bus Created
INFO    - ENTER:  DriverPackageInstallW
INFO    - Looking for Model Section [SCProductions.NTamd64]...
INFO    - Installing INF file 'C:\Users\TimberBNG\Desktop\xboxce\DS4_1.1_Beta1_Update 2\Virtual Bus Driver\System\ScpVBus.inf' (Plug and Play).
INFO    - Looking for Model Section [SCProductions.NTamd64]...
INFO    - Installing devices with Id "root\ScpVBus" using INF "C:\Windows\System32\DriverStore\FileRepository\scpvbus.inf_amd64_neutral_21ca245c0e23d7a5\scpvbus.inf".
INFO    - ENTER UpdateDriverForPlugAndPlayDevices...
SUCCESS - RETURN UpdateDriverForPlugAndPlayDevices.
INFO    - Installation was successful.
SUCCESS - Install completed
INFO    - RETURN: DriverPackageInstallW  (0x0)

Install Succeeded.

-- Install Summary --
Bus Device
Bus Driver



SCP Virtual Bus Driver Installer 1.0.0.103 [1/18/2014 10:37:58 AM]

Detected - Microsoft Windows 7 Ultimate Service Pack 1 (6.1.7601.65536 AMD64)
Selected WIN7 configuration.

INFO    - ENTER:  DriverPackageInstallW
INFO    - Looking for Model Section [SCProductions.NTamd64]...
INFO    - RETURN: DriverPackageInstallW  (0x103)

Install Succeeded.

-- Install Summary --



SCP Virtual Bus Driver Installer 1.0.0.103 [1/18/2014 12:14:18 PM]

Detected - Microsoft Windows 7 Ultimate Service Pack 1 (6.1.7601.65536 AMD64)
Selected WIN7 configuration.

SUCCESS - Virtual Bus Created
INFO    - ENTER:  DriverPackageInstallW
INFO    - Looking for Model Section [SCProductions.NTamd64]...
INFO    - Installing INF file 'C:\Users\TimberBNG\Desktop\xboxce\DS4_1.1_Beta1_Update 2\Virtual Bus Driver\System\ScpVBus.inf' (Plug and Play).
INFO    - Looking for Model Section [SCProductions.NTamd64]...
INFO    - Installing devices with Id "root\ScpVBus" using INF "C:\Windows\System32\DriverStore\FileRepository\scpvbus.inf_amd64_neutral_21ca245c0e23d7a5\scpvbus.inf".
INFO    - ENTER UpdateDriverForPlugAndPlayDevices...
SUCCESS - RETURN UpdateDriverForPlugAndPlayDevices.
INFO    - Installation was successful.
SUCCESS - Install completed
INFO    - RETURN: DriverPackageInstallW  (0x0)

Install Succeeded.

-- Install Summary --
Bus Device
Bus Driver



SCP Virtual Bus Driver Installer 1.0.0.103 [1/19/2014 5:46:19 AM]

Detected - Microsoft Windows 7 Ultimate Service Pack 1 (6.1.7601.65536 AMD64)
Selected WIN7 configuration.

SUCCESS - Virtual Bus Created
INFO    - ENTER:  DriverPackageInstallW
INFO    - Looking for Model Section [SCProductions.NTamd64]...
INFO    - Installing INF file 'C:\Users\TimberBNG\Desktop\xboxce\DS4_1.1_Beta1_Update 2\Virtual Bus Driver\System\ScpVBus.inf' (Plug and Play).
INFO    - Looking for Model Section [SCProductions.NTamd64]...
INFO    - Installing devices with Id "root\ScpVBus" using INF "C:\Windows\System32\DriverStore\FileRepository\scpvbus.inf_amd64_neutral_21ca245c0e23d7a5\scpvbus.inf".
INFO    - ENTER UpdateDriverForPlugAndPlayDevices...
SUCCESS - RETURN UpdateDriverForPlugAndPlayDevices.
INFO    - Installation was successful.
SUCCESS - Install completed
INFO    - RETURN: DriverPackageInstallW  (0x0)

Install Succeeded.

-- Install Summary --
Bus Device
Bus Driver



SCP Virtual Bus Driver Installer 1.0.0.103 [1/19/2014 5:56:33 AM]

Detected - Microsoft Windows 7 Ultimate Service Pack 1 (6.1.7601.65536 AMD64)
Selected WIN7 configuration.

SUCCESS - Virtual Bus Removed

Uninstall Succeeded.

-- Uninstall Summary --
Bus Device


SCP Virtual Bus Driver Installer 1.0.0.103 [1/21/2014 7:11:40 AM]

Detected - Microsoft Windows 7 Ultimate Service Pack 1 (6.1.7601.65536 AMD64)
Selected WIN7 configuration.

INFO    - ENTER:  DriverPackageInstallW
INFO    - Looking for Model Section [SCProductions.NTamd64]...
INFO    - RETURN: DriverPackageInstallW  (0x103)

Install Succeeded.

-- Install Summary --



SCP Virtual Bus Driver Installer 1.0.0.103 [1/21/2014 9:01:16 AM]

Detected - Microsoft Windows 7 Ultimate Service Pack 1 (6.1.7601.65536 AMD64)
Selected WIN7 configuration.

SUCCESS - Virtual Bus Removed

Uninstall Succeeded.

-- Uninstall Summary --
Bus Device


SCP Virtual Bus Driver Installer 1.0.0.103 [1/21/2014 9:01:52 AM]

Detected - Microsoft Windows 7 Ultimate Service Pack 1 (6.1.7601.65536 AMD64)
Selected WIN7 configuration.

SUCCESS - Virtual Bus Created
INFO    - ENTER:  DriverPackageInstallW
INFO    - Looking for Model Section [SCProductions.NTamd64]...
INFO    - Installing INF file 'C:\Users\TimberBNG\Desktop\xboxce\DS4_1.1_Beta1_Update 2\Virtual Bus Driver\System\ScpVBus.inf' (Plug and Play).
INFO    - Looking for Model Section [SCProductions.NTamd64]...
INFO    - Installing devices with Id "root\ScpVBus" using INF "C:\Windows\System32\DriverStore\FileRepository\scpvbus.inf_amd64_neutral_21ca245c0e23d7a5\scpvbus.inf".
INFO    - ENTER UpdateDriverForPlugAndPlayDevices...
SUCCESS - RETURN UpdateDriverForPlugAndPlayDevices.
INFO    - Installation was successful.
SUCCESS - Install completed
INFO    - RETURN: DriverPackageInstallW  (0x0)

Install Succeeded.

-- Install Summary --
Bus Device
Bus Driver



SCP Virtual Bus Driver Installer 1.0.0.103 [1/21/2014 9:23:00 AM]

Detected - Microsoft Windows 7 Ultimate Service Pack 1 (6.1.7601.65536 AMD64)
Selected WIN7 configuration.

SUCCESS - Virtual Bus Removed

Uninstall Succeeded.

-- Uninstall Summary --
Bus Device

SUCCESS - Virtual Bus Created
INFO    - ENTER:  DriverPackageInstallW
INFO    - Looking for Model Section [SCProductions.NTamd64]...
INFO    - Installing INF file 'C:\Users\TimberBNG\Desktop\xboxce\DS4_1.1_Beta1_Update 2\Virtual Bus Driver\System\ScpVBus.inf' (Plug and Play).
INFO    - Looking for Model Section [SCProductions.NTamd64]...
INFO    - Installing devices with Id "root\ScpVBus" using INF "C:\Windows\System32\DriverStore\FileRepository\scpvbus.inf_amd64_neutral_21ca245c0e23d7a5\scpvbus.inf".
INFO    - ENTER UpdateDriverForPlugAndPlayDevices...
SUCCESS - RETURN UpdateDriverForPlugAndPlayDevices.
INFO    - Installation was successful.
SUCCESS - Install completed
INFO    - RETURN: DriverPackageInstallW  (0x0)

Install Succeeded.

-- Install Summary --
Bus Device
Bus Driver



SCP Virtual Bus Driver Installer 1.0.0.103 [1/21/2014 7:02:47 PM]

Detected - Microsoft Windows 7 Ultimate Service Pack 1 (6.1.7601.65536 AMD64)
Selected WIN7 configuration.

INFO    - ENTER:  DriverPackageInstallW
INFO    - Looking for Model Section [SCProductions.NTamd64]...
INFO    - RETURN: DriverPackageInstallW  (0x103)

Install Succeeded.

-- Install Summary --


SUCCESS - Virtual Bus Removed

Uninstall Succeeded.

-- Uninstall Summary --
Bus Device


SCP Virtual Bus Driver Installer 1.0.0.103 [1/21/2014 7:03:03 PM]

Detected - Microsoft Windows 7 Ultimate Service Pack 1 (6.1.7601.65536 AMD64)
Selected WIN7 configuration.


Uninstall Succeeded.

-- Uninstall Summary --


SCP Virtual Bus Driver Installer 1.0.0.103 [1/21/2014 7:03:19 PM]

Detected - Microsoft Windows 7 Ultimate Service Pack 1 (6.1.7601.65536 AMD64)
Selected WIN7 configuration.

SUCCESS - Virtual Bus Created
INFO    - ENTER:  DriverPackageInstallW
INFO    - Looking for Model Section [SCProductions.NTamd64]...
INFO    - Installing INF file 'C:\Users\TimberBNG\Desktop\xboxce\DS4_1.1_Beta1_Update 2\Virtual Bus Driver\System\ScpVBus.inf' (Plug and Play).
INFO    - Looking for Model Section [SCProductions.NTamd64]...
INFO    - Installing devices with Id "root\ScpVBus" using INF "C:\Windows\System32\DriverStore\FileRepository\scpvbus.inf_amd64_neutral_21ca245c0e23d7a5\scpvbus.inf".
INFO    - ENTER UpdateDriverForPlugAndPlayDevices...
SUCCESS - RETURN UpdateDriverForPlugAndPlayDevices.
INFO    - Installation was successful.
SUCCESS - Install completed
INFO    - RETURN: DriverPackageInstallW  (0x0)

Install Succeeded.

-- Install Summary --
Bus Device
Bus Driver



SCP Virtual Bus Driver Installer 1.0.0.103 [1/21/2014 7:11:00 PM]

Detected - Microsoft Windows 7 Ultimate Service Pack 1 (6.1.7601.65536 AMD64)
Selected WIN7 configuration.

SUCCESS - Virtual Bus Removed

Uninstall Succeeded.

-- Uninstall Summary --
Bus Device


SCP Virtual Bus Driver Installer 1.0.0.103 [1/21/2014 7:11:52 PM]

Detected - Microsoft Windows 7 Ultimate Service Pack 1 (6.1.7601.65536 AMD64)
Selected WIN7 configuration.

INFO    - ENTER:  DriverPackageInstallW
INFO    - Looking for Model Section [SCProductions.NTamd64]...
INFO    - RETURN: DriverPackageInstallW  (0x103)

Install Succeeded.

-- Install Summary --



SCP Virtual Bus Driver Installer 1.0.0.103 [1/22/2014 11:04:46 AM]

Detected - Microsoft Windows 7 Ultimate Service Pack 1 (6.1.7601.65536 AMD64)
Selected WIN7 configuration.

SUCCESS - Virtual Bus Removed

Uninstall Succeeded.

-- Uninstall Summary --
Bus Device


SCP Virtual Bus Driver Installer 1.0.0.103 [1/22/2014 11:05:53 AM]

Detected - Microsoft Windows 7 Ultimate Service Pack 1 (6.1.7601.65536 AMD64)
Selected WIN7 configuration.

SUCCESS - Virtual Bus Created
INFO    - ENTER:  DriverPackageInstallW
INFO    - Looking for Model Section [SCProductions.NTamd64]...
INFO    - Installing INF file 'C:\Users\TimberBNG\Desktop\xboxce\DS4_1.1_Beta1_Update 2\Virtual Bus Driver\System\ScpVBus.inf' (Plug and Play).
INFO    - Looking for Model Section [SCProductions.NTamd64]...
INFO    - Installing devices with Id "root\ScpVBus" using INF "C:\Windows\System32\DriverStore\FileRepository\scpvbus.inf_amd64_neutral_21ca245c0e23d7a5\scpvbus.inf".
INFO    - ENTER UpdateDriverForPlugAndPlayDevices...
SUCCESS - RETURN UpdateDriverForPlugAndPlayDevices.
INFO    - Installation was successful.
SUCCESS - Install completed
INFO    - RETURN: DriverPackageInstallW  (0x0)

Install Succeeded.

-- Install Summary --
Bus Device
Bus Driver



SCP Virtual Bus Driver Installer 1.0.0.103 [1/22/2014 11:06:11 AM]

Detected - Microsoft Windows 7 Ultimate Service Pack 1 (6.1.7601.65536 AMD64)
Selected WIN7 configuration.

SUCCESS - Virtual Bus Removed

Uninstall Succeeded.

-- Uninstall Summary --
Bus Device

SUCCESS - Virtual Bus Created
INFO    - ENTER:  DriverPackageInstallW
INFO    - Looking for Model Section [SCProductions.NTamd64]...
INFO    - Installing INF file 'C:\Users\TimberBNG\Desktop\xboxce\DS4_1.1_Beta1_Update 2\Virtual Bus Driver\System\ScpVBus.inf' (Plug and Play).
INFO    - Looking for Model Section [SCProductions.NTamd64]...
INFO    - Installing devices with Id "root\ScpVBus" using INF "C:\Windows\System32\DriverStore\FileRepository\scpvbus.inf_amd64_neutral_21ca245c0e23d7a5\scpvbus.inf".
INFO    - ENTER UpdateDriverForPlugAndPlayDevices...
SUCCESS - RETURN UpdateDriverForPlugAndPlayDevices.
INFO    - Installation was successful.
SUCCESS - Install completed
INFO    - RETURN: DriverPackageInstallW  (0x0)

Install Succeeded.

-- Install Summary --
Bus Device
Bus Driver



SCP Virtual Bus Driver Installer 1.0.0.103 [1/22/2014 11:07:09 AM]

Detected - Microsoft Windows 7 Ultimate Service Pack 1 (6.1.7601.65536 AMD64)
Selected WIN7 configuration.


Uninstall Succeeded.

-- Uninstall Summary --


SCP Virtual Bus Driver Installer 1.0.0.103 [1/22/2014 11:07:44 AM]

Detected - Microsoft Windows 7 Ultimate Service Pack 1 (6.1.7601.65536 AMD64)
Selected WIN7 configuration.

SUCCESS - Virtual Bus Removed

Uninstall Succeeded.

-- Uninstall Summary --
Bus Device


SCP Virtual Bus Driver Installer 1.0.0.103 [1/22/2014 11:07:50 AM]

Detected - Microsoft Windows 7 Ultimate Service Pack 1 (6.1.7601.65536 AMD64)
Selected WIN7 configuration.

SUCCESS - Virtual Bus Created
INFO    - ENTER:  DriverPackageInstallW
INFO    - Looking for Model Section [SCProductions.NTamd64]...
INFO    - Installing INF file 'C:\Users\TimberBNG\Desktop\xboxce\DS4_1.1_Beta1_Update 2\Virtual Bus Driver\System\ScpVBus.inf' (Plug and Play).
INFO    - Looking for Model Section [SCProductions.NTamd64]...
INFO    - Installing devices with Id "root\ScpVBus" using INF "C:\Windows\System32\DriverStore\FileRepository\scpvbus.inf_amd64_neutral_21ca245c0e23d7a5\scpvbus.inf".
INFO    - ENTER UpdateDriverForPlugAndPlayDevices...
SUCCESS - RETURN UpdateDriverForPlugAndPlayDevices.
INFO    - Installation was successful.
SUCCESS - Install completed
INFO    - RETURN: DriverPackageInstallW  (0x0)

Install Succeeded.

-- Install Summary --
Bus Device
Bus Driver



SCP Virtual Bus Driver Installer 1.0.0.103 [1/22/2014 11:09:24 AM]

Detected - Microsoft Windows 7 Ultimate Service Pack 1 (6.1.7601.65536 AMD64)
Selected WIN7 configuration.

INFO    - ENTER:  DriverPackageInstallW
INFO    - Looking for Model Section [SCProductions.NTamd64]...
INFO    - RETURN: DriverPackageInstallW  (0x103)

Install Succeeded.

-- Install Summary --



